-------------------------------------------------------------------------------
Test set: GreetingsTest
-------------------------------------------------------------------------------
Tests run: 5, Failures: 1, Errors: 0, Skipped: 0, Time elapsed: 0.196 s <<< FAILURE! - in GreetingsTest
testViewString(GreetingsTest)  Time elapsed: 0.026 s  <<< FAILURE!
org.junit.ComparisonFailure: expected:<[Good morning]> but was:<[Доброе утро]>
	at GreetingsTest.testViewString(GreetingsTest.java:76)

